08-Jan-2024 19:04:03.907 INFO [main] org.apache.catalina.startup.VersionLoggerListener.log Server version name:   Apache Tomcat/9.0.82
08-Jan-2024 19:04:03.912 INFO [main] org.apache.catalina.startup.VersionLoggerListener.log Server built:          Oct 11 2023 13:15:08 UTC
08-Jan-2024 19:04:03.913 INFO [main] org.apache.catalina.startup.VersionLoggerListener.log Server version number: 9.0.82.0
08-Jan-2024 19:04:03.913 INFO [main] org.apache.catalina.startup.VersionLoggerListener.log OS Name:               Windows 11
08-Jan-2024 19:04:03.913 INFO [main] org.apache.catalina.startup.VersionLoggerListener.log OS Version:            10.0
08-Jan-2024 19:04:03.913 INFO [main] org.apache.catalina.startup.VersionLoggerListener.log Architecture:          amd64
08-Jan-2024 19:04:03.913 INFO [main] org.apache.catalina.startup.VersionLoggerListener.log Java Home:             C:\Users\ageta\.jdks\corretto-18.0.2
08-Jan-2024 19:04:03.913 INFO [main] org.apache.catalina.startup.VersionLoggerListener.log JVM Version:           18.0.2+9-FR
08-Jan-2024 19:04:03.914 INFO [main] org.apache.catalina.startup.VersionLoggerListener.log JVM Vendor:            Amazon.com Inc.
08-Jan-2024 19:04:03.914 INFO [main] org.apache.catalina.startup.VersionLoggerListener.log CATALINA_BASE:         C:\Users\ageta\OneDrive\Desktop\bookstoreLast\bookstore\src\main
08-Jan-2024 19:04:03.914 INFO [main] org.apache.catalina.startup.VersionLoggerListener.log CATALINA_HOME:         C:\Tomcat\apache-tomcat-9.0.82
08-Jan-2024 19:04:03.924 INFO [main] org.apache.catalina.startup.VersionLoggerListener.log Command line argument: --add-opens=java.base/java.lang=ALL-UNNAMED
08-Jan-2024 19:04:03.924 INFO [main] org.apache.catalina.startup.VersionLoggerListener.log Command line argument: --add-opens=java.base/java.io=ALL-UNNAMED
08-Jan-2024 19:04:03.924 INFO [main] org.apache.catalina.startup.VersionLoggerListener.log Command line argument: --add-opens=java.base/java.util=ALL-UNNAMED
08-Jan-2024 19:04:03.924 INFO [main] org.apache.catalina.startup.VersionLoggerListener.log Command line argument: --add-opens=java.base/java.util.concurrent=ALL-UNNAMED
08-Jan-2024 19:04:03.924 INFO [main] org.apache.catalina.startup.VersionLoggerListener.log Command line argument: --add-opens=java.rmi/sun.rmi.transport=ALL-UNNAMED
08-Jan-2024 19:04:03.924 INFO [main] org.apache.catalina.startup.VersionLoggerListener.log Command line argument: -Dcatalina.home=C:\Tomcat\apache-tomcat-9.0.82
08-Jan-2024 19:04:03.925 INFO [main] org.apache.catalina.startup.VersionLoggerListener.log Command line argument: -Dcatalina.base=C:\Users\ageta\OneDrive\Desktop\bookstoreLast\bookstore\src\main
08-Jan-2024 19:04:03.925 INFO [main] org.apache.catalina.startup.VersionLoggerListener.log Command line argument: -Djava.io.tmpdir=C:\Users\ageta\OneDrive\Desktop\bookstoreLast\bookstore\src\main\temp
08-Jan-2024 19:04:03.925 INFO [main] org.apache.catalina.startup.VersionLoggerListener.log Command line argument: -Djava.util.logging.config.file=C:\Users\ageta\OneDrive\Desktop\bookstoreLast\bookstore\src\main\conf\logging.properties
08-Jan-2024 19:04:03.925 INFO [main] org.apache.catalina.startup.VersionLoggerListener.log Command line argument: -Djava.util.logging.manager=org.apache.juli.ClassLoaderLogManager
08-Jan-2024 19:04:03.925 INFO [main] org.apache.catalina.startup.VersionLoggerListener.log Command line argument: -javaagent:C:\Program Files\JetBrains\IntelliJ IDEA Community Edition 2023.3.2\lib\idea_rt.jar=62053:C:\Program Files\JetBrains\IntelliJ IDEA Community Edition 2023.3.2\bin
08-Jan-2024 19:04:03.925 INFO [main] org.apache.catalina.startup.VersionLoggerListener.log Command line argument: -Dfile.encoding=UTF-8
08-Jan-2024 19:04:03.925 INFO [main] org.apache.catalina.startup.VersionLoggerListener.log Command line argument: -Dsun.stdout.encoding=UTF-8
08-Jan-2024 19:04:03.925 INFO [main] org.apache.catalina.startup.VersionLoggerListener.log Command line argument: -Dsun.stderr.encoding=UTF-8
08-Jan-2024 19:04:03.930 INFO [main] org.apache.catalina.core.AprLifecycleListener.lifecycleEvent The Apache Tomcat Native library which allows using OpenSSL was not found on the java.library.path: [C:\Users\ageta\.jdks\corretto-18.0.2\bin;C:\Windows\Sun\Java\bin;C:\Windows\system32;C:\Windows;C:\Python312\Scripts\;C:\Python312\;C:\Program Files\Amazon Corretto\jdk17.0.9_8\bin;C:\Windows\system32;C:\Windows;C:\Windows\System32\Wbem;C:\Windows\System32\WindowsPowerShell\v1.0\;C:\Windows\System32\OpenSSH\;C:\Program Files\Git\cmd;C:\Program Files\PuTTY\;C:\Program Files\nodejs\;C:\ProgramData\chocolatey\bin;C:\Program Files\dotnet\;C:\Users\ageta\Downloads\apache-maven-3.9.6\bin;C:\Users\ageta\AppData\Local\Microsoft\WindowsApps;C:\Users\ageta\AppData\Local\Programs\Microsoft VS Code\bin;C:\Users\ageta\AppData\Roaming\npm;C:\Users\ageta\AppData\Local\Microsoft\WinGet\Packages\Gyan.FFmpeg_Microsoft.Winget.Source_8wekyb3d8bbwe\ffmpeg-6.1-full_build\bin;C:\Users\ageta\AppData\Local\Microsoft\WinGet\Packages\yt-dlp.yt-dlp_Microsoft.Winget.Source_8wekyb3d8bbwe;C:\Users\ageta\AppData\Local\GitHubDesktop\bin;.]
08-Jan-2024 19:04:04.157 INFO [main] org.apache.coyote.AbstractProtocol.init Initializing ProtocolHandler ["http-nio-8080"]
08-Jan-2024 19:04:04.174 INFO [main] org.apache.catalina.startup.Catalina.load Server initialization in [409] milliseconds
08-Jan-2024 19:04:04.219 INFO [main] org.apache.catalina.core.StandardService.startInternal Starting service [Catalina]
08-Jan-2024 19:04:04.219 INFO [main] org.apache.catalina.core.StandardEngine.startInternal Starting Servlet engine: [Apache Tomcat/9.0.82]
08-Jan-2024 19:04:04.230 INFO [main] org.apache.catalina.startup.HostConfig.deployDescriptor Deploying deployment descriptor [C:\Users\ageta\OneDrive\Desktop\bookstoreLast\bookstore\src\main\conf\Catalina\localhost\bookstore.xml]
08-Jan-2024 19:04:08.305 INFO [main] org.apache.jasper.servlet.TldScanner.scanJars At least one JAR was scanned for TLDs yet contained no TLDs. Enable debug logging for this logger for a complete list of JARs that were scanned but no TLDs were found in them. Skipping unneeded JARs during scanning can improve startup time and JSP compilation time.
08-Jan-2024 19:04:08.605 INFO [main] org.apache.catalina.startup.HostConfig.deployDescriptor Deployment of deployment descriptor [C:\Users\ageta\OneDrive\Desktop\bookstoreLast\bookstore\src\main\conf\Catalina\localhost\bookstore.xml] has finished in [4,375] ms
08-Jan-2024 19:04:08.607 INFO [main] org.apache.coyote.AbstractProtocol.start Starting ProtocolHandler ["http-nio-8080"]
08-Jan-2024 19:04:08.648 INFO [main] org.apache.catalina.startup.Catalina.start Server startup in [4472] milliseconds
08-Jan-2024 19:04:42.553 INFO [Thread-1] org.apache.coyote.AbstractProtocol.pause Pausing ProtocolHandler ["http-nio-8080"]
08-Jan-2024 19:04:42.561 INFO [Thread-1] org.apache.catalina.core.StandardService.stopInternal Stopping service [Catalina]
08-Jan-2024 19:04:42.573 INFO [Thread-1] org.apache.coyote.AbstractProtocol.stop Stopping ProtocolHandler ["http-nio-8080"]
08-Jan-2024 19:04:42.598 INFO [Thread-1] org.apache.coyote.AbstractProtocol.destroy Destroying ProtocolHandler ["http-nio-8080"]
